c:\users\gabwa\desktop\files\studia\sem4\gkiw\projekt\new\pacman-3d\debug\vc142.pdb
c:\users\gabwa\desktop\files\studia\sem4\gkiw\projekt\new\pacman-3d\debug\vc142.idb
c:\users\gabwa\desktop\files\studia\sem4\gkiw\projekt\new\pacman-3d\debug\wall.obj
c:\users\gabwa\desktop\files\studia\sem4\gkiw\projekt\new\pacman-3d\debug\torus.obj
c:\users\gabwa\desktop\files\studia\sem4\gkiw\projekt\new\pacman-3d\debug\teapot.obj
c:\users\gabwa\desktop\files\studia\sem4\gkiw\projekt\new\pacman-3d\debug\sphere.obj
c:\users\gabwa\desktop\files\studia\sem4\gkiw\projekt\new\pacman-3d\debug\shaderprogram.obj
c:\users\gabwa\desktop\files\studia\sem4\gkiw\projekt\new\pacman-3d\debug\model.obj
c:\users\gabwa\desktop\files\studia\sem4\gkiw\projekt\new\pacman-3d\debug\main_file.obj
c:\users\gabwa\desktop\files\studia\sem4\gkiw\projekt\new\pacman-3d\debug\lodepng.obj
c:\users\gabwa\desktop\files\studia\sem4\gkiw\projekt\new\pacman-3d\debug\cube.obj
c:\users\gabwa\desktop\files\studia\sem4\gkiw\projekt\new\pacman-3d\debug\pl_szkielet_03_win.exe
c:\users\gabwa\desktop\files\studia\sem4\gkiw\projekt\new\pacman-3d\debug\pl_szkielet_03_win.ilk
c:\users\gabwa\desktop\files\studia\sem4\gkiw\projekt\new\pacman-3d\debug\pl_szkielet_03_win.pdb
c:\users\gabwa\desktop\files\studia\sem4\gkiw\projekt\new\pacman-3d\debug\pl_szkie.7288c82c.tlog\cl.command.1.tlog
c:\users\gabwa\desktop\files\studia\sem4\gkiw\projekt\new\pacman-3d\debug\pl_szkie.7288c82c.tlog\cl.read.1.tlog
c:\users\gabwa\desktop\files\studia\sem4\gkiw\projekt\new\pacman-3d\debug\pl_szkie.7288c82c.tlog\cl.write.1.tlog
c:\users\gabwa\desktop\files\studia\sem4\gkiw\projekt\new\pacman-3d\debug\pl_szkie.7288c82c.tlog\link.command.1.tlog
c:\users\gabwa\desktop\files\studia\sem4\gkiw\projekt\new\pacman-3d\debug\pl_szkie.7288c82c.tlog\link.read.1.tlog
c:\users\gabwa\desktop\files\studia\sem4\gkiw\projekt\new\pacman-3d\debug\pl_szkie.7288c82c.tlog\link.write.1.tlog
