  cube.cpp
C:\Users\gabwa\Desktop\Files\Studia\SEM4\GKiW\Projekt\new\pacman-3d\model.h(24,10): fatal error C1083: Nie można otworzyć pliku dołącz: 'GL/glew.h': No such file or directory
  lodepng.cpp
C:\Users\gabwa\Desktop\Files\Studia\SEM4\GKiW\Projekt\new\pacman-3d\lodepng.cpp(762,34): warning C4334: "<<": wynik 32-bitowe przesunięcia niejawnie skonwertowano do 64 bitów (czy 64-bitowe przesunięcie było zamierzone?)
C:\Users\gabwa\Desktop\Files\Studia\SEM4\GKiW\Projekt\new\pacman-3d\lodepng.cpp(1422,29): warning C4267: "=": konwersja z "size_t" do "int", możliwa utrata danych
C:\Users\gabwa\Desktop\Files\Studia\SEM4\GKiW\Projekt\new\pacman-3d\lodepng.cpp(1426,31): warning C4267: "=": konwersja z "size_t" do "int", możliwa utrata danych
C:\Users\gabwa\Desktop\Files\Studia\SEM4\GKiW\Projekt\new\pacman-3d\lodepng.cpp(1498,86): warning C4267: "=": konwersja z "size_t" do "unsigned int", możliwa utrata danych
C:\Users\gabwa\Desktop\Files\Studia\SEM4\GKiW\Projekt\new\pacman-3d\lodepng.cpp(3441,46): warning C4334: "<<": wynik 32-bitowe przesunięcia niejawnie skonwertowano do 64 bitów (czy 64-bitowe przesunięcie było zamierzone?)
C:\Users\gabwa\Desktop\Files\Studia\SEM4\GKiW\Projekt\new\pacman-3d\lodepng.cpp(3455,54): warning C4267: "argument": konwersja z "size_t" do "unsigned int", możliwa utrata danych
C:\Users\gabwa\Desktop\Files\Studia\SEM4\GKiW\Projekt\new\pacman-3d\lodepng.cpp(4262,75): warning C4267: "=": konwersja z "size_t" do "unsigned int", możliwa utrata danych
C:\Users\gabwa\Desktop\Files\Studia\SEM4\GKiW\Projekt\new\pacman-3d\lodepng.cpp(4310,41): warning C4267: "=": konwersja z "size_t" do "unsigned int", możliwa utrata danych
C:\Users\gabwa\Desktop\Files\Studia\SEM4\GKiW\Projekt\new\pacman-3d\lodepng.cpp(4390,59): warning C4267: "=": konwersja z "size_t" do "unsigned int", możliwa utrata danych
C:\Users\gabwa\Desktop\Files\Studia\SEM4\GKiW\Projekt\new\pacman-3d\lodepng.cpp(5329,38): warning C4267: "inicjowanie": konwersja z "size_t" do "unsigned int", możliwa utrata danych
  main_file.cpp
C:\Users\gabwa\Desktop\Files\Studia\SEM4\GKiW\Projekt\new\pacman-3d\includes.h(1,10): fatal error C1083: Nie można otworzyć pliku dołącz: 'GL/glew.h': No such file or directory
  model.cpp
C:\Users\gabwa\Desktop\Files\Studia\SEM4\GKiW\Projekt\new\pacman-3d\model.h(24,10): fatal error C1083: Nie można otworzyć pliku dołącz: 'GL/glew.h': No such file or directory
  shaderprogram.cpp
C:\Users\gabwa\Desktop\Files\Studia\SEM4\GKiW\Projekt\new\pacman-3d\shaderprogram.h(25,10): fatal error C1083: Nie można otworzyć pliku dołącz: 'GL/glew.h': No such file or directory
  sphere.cpp
C:\Users\gabwa\Desktop\Files\Studia\SEM4\GKiW\Projekt\new\pacman-3d\model.h(24,10): fatal error C1083: Nie można otworzyć pliku dołącz: 'GL/glew.h': No such file or directory
  teapot.cpp
C:\Users\gabwa\Desktop\Files\Studia\SEM4\GKiW\Projekt\new\pacman-3d\model.h(24,10): fatal error C1083: Nie można otworzyć pliku dołącz: 'GL/glew.h': No such file or directory
  torus.cpp
C:\Users\gabwa\Desktop\Files\Studia\SEM4\GKiW\Projekt\new\pacman-3d\model.h(24,10): fatal error C1083: Nie można otworzyć pliku dołącz: 'GL/glew.h': No such file or directory
  wall.cpp
C:\Users\gabwa\Desktop\Files\Studia\SEM4\GKiW\Projekt\new\pacman-3d\includes.h(1,10): fatal error C1083: Nie można otworzyć pliku dołącz: 'GL/glew.h': No such file or directory
  Generowanie kodu...
